make all --print-data-base --no-builtin-variables --no-builtin-rules --question
# GNU Make 4.1
# Built for x86_64-pc-linux-gnu
# Copyright (C) 1988-2014 Free Software Foundation, Inc.
# License GPLv3+: GNU GPL version 3 or later <http://gnu.org/licenses/gpl.html>
# This is free software: you are free to change and redistribute it.
# There is NO WARRANTY, to the extent permitted by law.

# Make data base, printed on Wed Jun  9 20:06:21 2021

# Variables

# automatic
<D = $(patsubst %/,%,$(dir $<))
# automatic
?F = $(notdir $?)
# makefile (from 'Makefile', line 7)
DIRS :=  /BRDINC /BRDINC/ctrladmpro /icrinc /BRDLIBS
# environment
DESKTOP_SESSION = plasma
# default
.SHELLFLAGS := -c
# environment
XDG_SESSION_CLASS = user
# makefile (from 'Makefile', line 13)
SRC := adc_ctrl.cpp mem_ctrl.cpp exam_adc.cpp cont_ctrl.cpp
# environment
XDG_SESSION_TYPE = x11
# environment
VSCODE_LOG_NATIVE = false
# automatic
?D = $(patsubst %/,%,$(dir $?))
# automatic
@D = $(patsubst %/,%,$(dir $@))
# environment
XAUTHORITY = /home/karak/.Xauthority
# automatic
@F = $(notdir $@)
# environment
XMODIFIERS = @im=ibus
# makefile
CURDIR := /home/karak/insys/bardy.git/EXAM/exam_adc
# makefile
SHELL = /bin/sh
# environment
VSCODE_NLS_CONFIG = {"locale":"en-us","availableLanguages":{},"_languagePackSupport":true}
# makefile (from 'Makefile', line 2)
PHONY = clean
# environment
_ = /usr/bin/make
# environment
QT_AUTO_SCREEN_SCALE_FACTOR = 0
# makefile (from 'Makefile', line 11)
CFLAGS = $(INC)
# environment
XDG_CONFIG_DIRS = /etc/xdg/xdg-plasma:/etc/xdg:/usr/share/kubuntu-default-settings/kf5-settings
# environment
LESSOPEN = | /usr/bin/lesspipe %s
# environment
XILINXD_LICENSE_FILE = 2100@dspsrv
# makefile (from 'Makefile', line 1)
MAKEFILE_LIST :=  Makefile
# environment
VSCODE_NODE_CACHED_DATA_DIR = /home/karak/.config/Code/CachedData/054a9295330880ed74ceaedda236253b4f39a335
# 'override' directive
GNUMAKEFLAGS := 
# environment
MAKELEVEL := 0
# environment
MANDATORY_PATH = /usr/share/gconf/plasma.mandatory.path
# environment
XDG_DATA_DIRS = /usr/share/plasma:/usr/local/share:/usr/share:/var/lib/snapd/desktop
# environment
DBUS_SESSION_BUS_ADDRESS = unix:path=/run/user/1000/bus
# environment
VSCODE_VERBOSE_LOGGING = true
# environment
CLUTTER_IM_MODULE = xim
# environment
VSCODE_IPC_HOOK_EXTHOST = /run/user/1000/vscode-ipc-5f1e6899-2c25-4a97-9f6a-687401d5a33e.sock
# environment
LC_NAME = ru_RU.UTF-8
# environment
VSCODE_CWD = /home/karak
# environment
XDG_SESSION_PATH = /org/freedesktop/DisplayManager/Session0
# default
MAKE_HOST := x86_64-pc-linux-gnu
# makefile (from 'Makefile', line 15)
OBJ_FILES := adc_ctrl.o mem_ctrl.o exam_adc.o cont_ctrl.o /BRDLIBS/reg_rw_spd.o
# environment
PATH = /home/karak/insys/devlab/DEVToolKit-Cross/bin:/home/karak/.cargo/bin:/usr/local/sbin:/usr/local/bin:/usr/sbin:/usr/bin:/sbin:/bin:/usr/games:/usr/local/games:/snap/bin
# environment
GPG_AGENT_INFO = /run/user/1000/gnupg/S.gpg-agent:0:1
# environment
XCURSOR_THEME = breeze_cursors
# environment
SESSION_MANAGER = local/karak-u64:@/tmp/.ICE-unix/2095,unix/karak-u64:/tmp/.ICE-unix/2095
# environment
XDG_RUNTIME_DIR = /run/user/1000
# environment
TEXTDOMAIN = im-config
# environment
VSCODE_LOG_STACK = false
# environment
VSCODE_CRASH_REPORTER_START_OPTIONS = {"companyName":"Microsoft","productName":"VSCode","submitURL":"appcenter://code?aid=fba07a4d-84bd-4fc8-a125-9640fc8ce171&uid=a798ebcd-003b-4b3d-b391-dfc96bcc2067&iid=a798ebcd-003b-4b3d-b391-dfc96bcc2067&sid=a798ebcd-003b-4b3d-b391-dfc96bcc2067","uploadToServer":true}
# default
.FEATURES := target-specific order-only second-expansion else-if shortest-stem undefine oneshell archives jobserver output-sync check-symlink load
# environment
LS_COLORS = 
# environment
XDG_SESSION_DESKTOP = KDE
# environment
SSH_AUTH_SOCK = /tmp/ssh-X3Tw4UOHZzof/agent.1877
# automatic
%F = $(notdir $%)
# environment
DISPLAY = :0
# environment
GTK_IM_MODULE = ibus
# environment
VSCODE_PIPE_LOGGING = true
# environment
PWD = /home/karak/insys/bardy.git/EXAM/exam_adc
# environment
KDE_SESSION_VERSION = 5
# environment
XDG_SEAT = seat0
# environment
SSH_AGENT_PID = 2005
# environment
ORIGINAL_XDG_CURRENT_DESKTOP = KDE
# environment
GTK_MODULES = gail:atk-bridge
# environment
VSCODE_AMD_ENTRYPOINT = vs/workbench/services/extensions/node/extensionHostProcess
# environment
HOME = /home/karak
# environment
LESSCLOSE = /usr/bin/lesspipe %s %s
# environment
LOGNAME = karak
# environment
APPLICATION_INSIGHTS_NO_DIAGNOSTIC_CHANNEL = true
# automatic
+F = $(notdir $+)
# environment
KDE_FULL_SESSION = true
# environment
VSCODE_HANDLES_UNCAUGHT_ERRORS = true
# default
MAKE_VERSION := 4.1
# automatic
^D = $(patsubst %/,%,$(dir $^))
# environment
XDG_VTNR = 1
# environment
LC_TIME = ru_RU.UTF-8
# default
MAKE = $(MAKE_COMMAND)
# default
MAKECMDGOALS := all
# environment
QT_IM_MODULE = ibus
# environment
SHLVL = 3
# makefile (from 'Makefile', line 3)
TARGET_NAME = exam_adc
# environment
IM_CONFIG_PHASE = 2
# makefile (from 'Makefile', line 14)
SOURCE = $(SRC) $(BARDYDIR)/BRDLIBS/reg_rw_spd.cpp
# environment
XDG_SESSION_ID = 1
# environment
USER = karak
# environment
LC_MONETARY = ru_RU.UTF-8
# makefile
.DEFAULT_GOAL := all
# environment
XDG_CURRENT_DESKTOP = KDE
# automatic
%D = $(patsubst %/,%,$(dir $%))
# environment
LC_TELEPHONE = ru_RU.UTF-8
# default
MAKE_COMMAND := make
# makefile (from 'Makefile', line 9)
INC := -I/BRDINC -I/BRDINC/ctrladmpro -I/icrinc -I/BRDLIBS
# default
.VARIABLES := 
# automatic
*F = $(notdir $*)
# environment
XDG_SEAT_PATH = /org/freedesktop/DisplayManager/Seat0
# environment
VSCODE_IPC_HOOK = /run/user/1000/vscode-6d47fc79-1.56.2-main.sock
# makefile
MAKEFLAGS = prR
# environment
MFLAGS = -prR
# automatic
*D = $(patsubst %/,%,$(dir $*))
# environment
BREAKPAD_DUMP_LOCATION = /home/karak/.config/Code/exthost Crash Reports
# automatic
+D = $(patsubst %/,%,$(dir $+))
# environment
GDK_BACKEND = x11
# environment
LC_PAPER = ru_RU.UTF-8
# environment
QT_ACCESSIBILITY = 1
# environment
DEFAULTS_PATH = /usr/share/gconf/plasma.default.path
# environment
TEXTDOMAINDIR = /usr/share/locale/
# default
MAKEFILES := 
# environment
LC_NUMERIC = en_US.UTF-8
# automatic
<F = $(notdir $<)
# environment
ELECTRON_RUN_AS_NODE = 1
# environment
LC_MEASUREMENT = ru_RU.UTF-8
# environment
LC_ALL = C
# environment
QT4_IM_MODULE = xim
# automatic
^F = $(notdir $^)
# default
SUFFIXES := 
# environment
GS_LIB = /home/karak/.fonts
# environment
CHROME_DESKTOP = code-url-handler.desktop
# default
.INCLUDE_DIRS = /usr/include /usr/local/include /usr/include
# environment
LC_IDENTIFICATION = ru_RU.UTF-8
# default
.RECIPEPREFIX := 
# environment
LC_ADDRESS = ru_RU.UTF-8
# environment
LANG = C
# environment
VSCODE_PID = 6850
# environment
KDE_SESSION_UID = 1000
# variable set hash-table stats:
# Load=121/1024=12%, Rehash=0, Collisions=13/160=8%

# Pattern-specific Variable Values

# No pattern-specific variable values.

# Directories

# . (device 2052, inode 19925468): 42 files, no impossibilities.

# 42 files, no impossibilities in 1 directories.

# Implicit Rules

# No implicit rules.

# Files

# Not a target:
exam_adc:
#  Implicit rule search has not been done.
#  Modification time never checked.
#  File has not been updated.

all: exam_adc
#  Command line target.
#  Implicit rule search has not been done.
#  Modification time never checked.
#  File has not been updated.
 
Makefile:5: /make/macros.mk: No such file or directory
Makefile:20: /make/rules.mk: No such file or directory
Makefile:21: /make/clean.mk: No such file or directory
Makefile:22: /make/app.mk: No such file or directory
make: *** No rule to make target '/make/app.mk'.  Stop.
 
#  recipe to execute (from 'Makefile', line 18):
	cp $(TARGET_NAME) $(BARDYDIR)/bin

# Not a target:
Makefile:
#  Implicit rule search has not been done.
#  Last modified 2020-07-15 14:49:38.799574296
#  File has not been updated.

# Not a target:
/make/rules.mk:
#  Implicit rule search has not been done.
#  File does not exist.
#  File has not been updated.

# Not a target:
.DEFAULT:
#  Implicit rule search has not been done.
#  Modification time never checked.
#  File has not been updated.

# Not a target:
/make/clean.mk:
#  Implicit rule search has not been done.
#  File does not exist.
#  File has not been updated.

# Not a target:
/make/macros.mk:
#  Implicit rule search has not been done.
#  File does not exist.
#  File has not been updated.

# Not a target:
/make/app.mk:
#  Implicit rule search has been done.
#  File does not exist.
#  File has not been updated.

# files hash-table stats:
# Load=9/1024=1%, Rehash=0, Collisions=1/25=4%
# VPATH Search Paths

# No 'vpath' search paths.

# No general ('VPATH' variable) search path.

# strcache buffers: 1 (0) / strings = 52 / storage = 626 B / avg = 12 B
# current buf: size = 8162 B / used = 626 B / count = 52 / avg = 12 B

# strcache performance: lookups = 62 / hit rate = 16%
# hash-table stats:
# Load=52/8192=1%, Rehash=0, Collisions=1/62=2%
# Finished Make data base on Wed Jun  9 20:06:21 2021

 
